1597434173.332715 client started (128021): version 3.0a, socket /tmp/tmux-1000/default, protocol 8
1597434173.332781 on Linux 5.4.0-7634-generic #38~1596560323~20.04~7719dbd-Ubuntu SMP Tue Aug 4 19:12:34 UTC 2; libevent 2.1.11-stable (poll)
1597434173.332835 socket is /tmp/tmux-1000/default
1597434173.332862 trying connect
1597434173.333027 add peer 0x55a91d241430: 6 ((nil))
1597434173.333204 sending message 100 to peer 0x55a91d241430 (4 bytes)
1597434173.333224 sending message 101 to peer 0x55a91d241430 (7 bytes)
1597434173.333235 sending message 102 to peer 0x55a91d241430 (11 bytes)
1597434173.333245 sending message 108 to peer 0x55a91d241430 (24 bytes)
1597434173.333259 sending message 104 to peer 0x55a91d241430 (0 bytes)
1597434173.333271 sending message 107 to peer 0x55a91d241430 (4 bytes)
1597434173.333281 sending message 105 to peer 0x55a91d241430 (23 bytes)
1597434173.333292 sending message 105 to peer 0x55a91d241430 (20 bytes)
1597434173.333303 sending message 105 to peer 0x55a91d241430 (19 bytes)
1597434173.333313 sending message 105 to peer 0x55a91d241430 (54 bytes)
1597434173.333323 sending message 105 to peer 0x55a91d241430 (48 bytes)
1597434173.333333 sending message 105 to peer 0x55a91d241430 (69 bytes)
1597434173.333344 sending message 105 to peer 0x55a91d241430 (20 bytes)
1597434173.333354 sending message 105 to peer 0x55a91d241430 (11 bytes)
1597434173.333364 sending message 105 to peer 0x55a91d241430 (12 bytes)
1597434173.333374 sending message 105 to peer 0x55a91d241430 (78 bytes)
1597434173.333384 sending message 105 to peer 0x55a91d241430 (16 bytes)
1597434173.333394 sending message 105 to peer 0x55a91d241430 (15 bytes)
1597434173.333404 sending message 105 to peer 0x55a91d241430 (71 bytes)
1597434173.333414 sending message 105 to peer 0x55a91d241430 (37 bytes)
1597434173.333423 sending message 105 to peer 0x55a91d241430 (44 bytes)
1597434173.333433 sending message 105 to peer 0x55a91d241430 (29 bytes)
1597434173.333443 sending message 105 to peer 0x55a91d241430 (52 bytes)
1597434173.333453 sending message 105 to peer 0x55a91d241430 (19 bytes)
1597434173.333463 sending message 105 to peer 0x55a91d241430 (47 bytes)
1597434173.333472 sending message 105 to peer 0x55a91d241430 (20 bytes)
1597434173.333509 sending message 105 to peer 0x55a91d241430 (18 bytes)
1597434173.333522 sending message 105 to peer 0x55a91d241430 (47 bytes)
1597434173.333532 sending message 105 to peer 0x55a91d241430 (23 bytes)
1597434173.333543 sending message 105 to peer 0x55a91d241430 (17 bytes)
1597434173.333553 sending message 105 to peer 0x55a91d241430 (18 bytes)
1597434173.333563 sending message 105 to peer 0x55a91d241430 (23 bytes)
1597434173.333573 sending message 105 to peer 0x55a91d241430 (30 bytes)
1597434173.333583 sending message 105 to peer 0x55a91d241430 (27 bytes)
1597434173.333593 sending message 105 to peer 0x55a91d241430 (24 bytes)
1597434173.333604 sending message 105 to peer 0x55a91d241430 (20 bytes)
1597434173.333613 sending message 105 to peer 0x55a91d241430 (23 bytes)
1597434173.333624 sending message 105 to peer 0x55a91d241430 (21 bytes)
1597434173.333634 sending message 105 to peer 0x55a91d241430 (25 bytes)
1597434173.333644 sending message 105 to peer 0x55a91d241430 (20 bytes)
1597434173.333654 sending message 105 to peer 0x55a91d241430 (8 bytes)
1597434173.333664 sending message 105 to peer 0x55a91d241430 (17 bytes)
1597434173.333674 sending message 105 to peer 0x55a91d241430 (32 bytes)
1597434173.333684 sending message 105 to peer 0x55a91d241430 (1506 bytes)
1597434173.333698 sending message 105 to peer 0x55a91d241430 (16 bytes)
1597434173.333709 sending message 105 to peer 0x55a91d241430 (51 bytes)
1597434173.333719 sending message 105 to peer 0x55a91d241430 (54 bytes)
1597434173.333729 sending message 105 to peer 0x55a91d241430 (16 bytes)
1597434173.333792 sending message 105 to peer 0x55a91d241430 (28 bytes)
1597434173.333811 sending message 105 to peer 0x55a91d241430 (31 bytes)
1597434173.333828 sending message 105 to peer 0x55a91d241430 (11 bytes)
1597434173.333841 sending message 105 to peer 0x55a91d241430 (17 bytes)
1597434173.333870 sending message 105 to peer 0x55a91d241430 (388 bytes)
1597434173.333882 sending message 105 to peer 0x55a91d241430 (28 bytes)
1597434173.333893 sending message 105 to peer 0x55a91d241430 (33 bytes)
1597434173.333903 sending message 105 to peer 0x55a91d241430 (16 bytes)
1597434173.333913 sending message 105 to peer 0x55a91d241430 (24 bytes)
1597434173.333923 sending message 105 to peer 0x55a91d241430 (19 bytes)
1597434173.333933 sending message 105 to peer 0x55a91d241430 (19 bytes)
1597434173.333943 sending message 105 to peer 0x55a91d241430 (18 bytes)
1597434173.333953 sending message 105 to peer 0x55a91d241430 (82 bytes)
1597434173.333964 sending message 105 to peer 0x55a91d241430 (19 bytes)
1597434173.333974 sending message 105 to peer 0x55a91d241430 (8 bytes)
1597434173.333984 sending message 105 to peer 0x55a91d241430 (91 bytes)
1597434173.333994 sending message 105 to peer 0x55a91d241430 (25 bytes)
1597434173.334004 sending message 105 to peer 0x55a91d241430 (19 bytes)
1597434173.334015 sending message 105 to peer 0x55a91d241430 (41 bytes)
1597434173.334025 sending message 105 to peer 0x55a91d241430 (12 bytes)
1597434173.334035 sending message 105 to peer 0x55a91d241430 (37 bytes)
1597434173.334045 sending message 105 to peer 0x55a91d241430 (13 bytes)
1597434173.334055 sending message 105 to peer 0x55a91d241430 (14 bytes)
1597434173.334065 sending message 105 to peer 0x55a91d241430 (18 bytes)
1597434173.334075 sending message 105 to peer 0x55a91d241430 (18 bytes)
1597434173.334085 sending message 105 to peer 0x55a91d241430 (13 bytes)
1597434173.334095 sending message 105 to peer 0x55a91d241430 (41 bytes)
1597434173.334105 sending message 105 to peer 0x55a91d241430 (42 bytes)
1597434173.334115 sending message 105 to peer 0x55a91d241430 (30 bytes)
1597434173.334126 sending message 105 to peer 0x55a91d241430 (163 bytes)
1597434173.334137 sending message 105 to peer 0x55a91d241430 (23 bytes)
1597434173.334147 sending message 105 to peer 0x55a91d241430 (31 bytes)
1597434173.334157 sending message 105 to peer 0x55a91d241430 (23 bytes)
1597434173.334167 sending message 105 to peer 0x55a91d241430 (24 bytes)
1597434173.334177 sending message 105 to peer 0x55a91d241430 (21 bytes)
1597434173.334187 sending message 105 to peer 0x55a91d241430 (20 bytes)
1597434173.334196 sending message 105 to peer 0x55a91d241430 (30 bytes)
1597434173.334206 sending message 105 to peer 0x55a91d241430 (16 bytes)
1597434173.334216 sending message 106 to peer 0x55a91d241430 (0 bytes)
1597434173.334228 sending message 200 to peer 0x55a91d241430 (4 bytes)
1597434173.334238 client loop enter
1597434173.335332 peer 0x55a91d241430 message 211
1597434173.335365 client_write: sessions should be nested with care, unset $TMUX to force\n
1597434173.335405 peer 0x55a91d241430 message 203
1597434173.335426 client loop exit
